--- Copying files at Fri Oct  9 19:32:18 UTC 2020
--- Copying files at Fri Oct  9 20:08:23 UTC 2020
--- Copying files at Mon Oct 12 18:29:33 UTC 2020
--- Copying files at Mon Oct 12 18:32:58 UTC 2020
--- Copying files at Tue Oct 13 02:29:46 UTC 2020
--- Copying files at Tue Oct 13 02:32:35 UTC 2020
--- Copying files at Tue Oct 13 02:51:47 UTC 2020
--- Copying files at Tue Oct 13 02:58:33 UTC 2020
--- Copying files at Tue Oct 13 03:43:44 UTC 2020
--- Copying files at Tue Oct 13 12:38:47 UTC 2020
--- Copying files at Tue Oct 13 14:32:45 UTC 2020
--- Copying files at Tue Oct 13 14:40:38 UTC 2020
--- Copying files at Tue Oct 13 14:52:17 UTC 2020
--- Copying files at Tue Oct 13 15:28:23 UTC 2020
--- Copying files at Tue Oct 13 15:38:37 UTC 2020
--- Copying files at Tue Oct 13 15:52:55 UTC 2020
--- Copying files at Tue Oct 13 16:58:26 UTC 2020
--- Copying files at Tue Oct 13 20:17:12 UTC 2020
--- Copying files at Tue Oct 13 20:20:45 UTC 2020
--- Copying files at Tue Oct 13 20:59:38 UTC 2020
--- Copying files at Tue Oct 13 21:34:04 UTC 2020
--- Copying files at Tue Oct 13 22:16:03 UTC 2020
--- Copying files at Tue Oct 13 23:31:02 UTC 2020
--- Copying files at Wed Oct 14 13:55:55 UTC 2020
--- Copying files at Wed Oct 14 15:18:27 UTC 2020
--- Copying files at Wed Oct 14 19:41:42 UTC 2020
--- Copying files at Wed Oct 14 19:43:38 UTC 2020
--- Copying files at Wed Oct 14 20:50:59 UTC 2020
--- Copying files at Wed Oct 14 20:55:55 UTC 2020
--- Copying files at Thu Oct 15 16:53:54 UTC 2020
--- Copying files at Thu Oct 15 22:43:29 UTC 2020
--- Copying files at Thu Oct 15 23:41:59 UTC 2020
--- Copying files at Fri Oct 16 00:05:27 UTC 2020
--- Copying files at Fri Oct 16 16:53:13 UTC 2020
--- Copying files at Fri Oct 16 18:37:12 UTC 2020
--- Copying files at Mon Oct 19 12:48:22 UTC 2020
--- Copying files at Mon Oct 19 21:39:14 UTC 2020
--- Copying files at Wed Oct 21 19:03:36 UTC 2020
--- Copying files at Thu Oct 22 12:19:49 UTC 2020
--- Copying files at Thu Oct 22 21:58:49 UTC 2020
